Arguments: 
  C:\Program Files\nodejs\node.exe C:\Users\Dell Latitude\AppData\Roaming\npm\node_modules\yarn\bin\yarn.js add jsonwebtoken

PATH: 
  C:\Users\Dell Latitude\bin;C:\Program Files\Git\mingw64\bin;C:\Program Files\Git\usr\local\bin;C:\Program Files\Git\usr\bin;C:\Program Files\Git\usr\bin;C:\Program Files\Git\mingw64\bin;C:\Program Files\Git\usr\bin;C:\Users\Dell Latitude\bin;C:\Python310\Scripts;C:\Python310;C:\Windows\system32;C:\Windows;C:\Windows\System32\Wbem;C:\Windows\System32\WindowsPowerShell\v1.0;C:\Windows\System32\OpenSSH;C:\ProgramData\chocolatey\bin;C:\Program Files\Git\cmd;C:\Program Files\OpenJDK\openjdk-8u332-b09\bin;C:\Program Files\OpenJDK\openjdk-11.0.15_10\bin;C:\Program Files\nodejs;C:\Program Files\Docker\Docker\resources\bin;C:\Users\Dell Latitude\AppData\Local\Microsoft\WindowsApps;C:\Users\Dell Latitude\AppData\Local\Programs\Microsoft VS Code\bin;C:\Users\Dell Latitude\AppData\Local\Android\Sdk\platform-tools;C:\src\flutter\bin;C:\Users\Dell Latitude\AppData\Roaming\npm;C:\Program Files\Git\usr\bin\vendor_perl;C:\Program Files\Git\usr\bin\core_perl

Yarn version: 
  1.22.19

Node version: 
  16.16.0

Platform: 
  win32 x64

Trace: 
  Error: EPERM: operation not permitted, unlink 'C:\Projects\PizzaStack\serverless\node_modules\netlify-cli\node_modules\@netlify\esbuild-windows-64\esbuild.exe'

npm manifest: 
  {
    "name": "serverless",
    "version": "0.1.0",
    "description": "",
    "scripts": {
      "start": "netlify dev"
    },
    "keywords": [],
    "author": "",
    "license": "ISC",
    "devDependencies": {
      "@netlify/functions": "^1.3.0",
      "netlify-cli": "^12.0.11"
    }
  }

yarn manifest: 
  No manifest

Lockfile: 
  No lockfile
